<?xml version="1.0" encoding="UTF-8"?>
<testng-results total="1" passed="1" failed="0" skipped="0">
  <reporter-output>
  </reporter-output>
  <suite started-at="2022-07-31T03:55:38Z" name="Default suite" finished-at="2022-07-31T03:56:07Z" duration-ms="29368">
    <groups>
    </groups>
    <test started-at="2022-07-31T03:55:38Z" name="Default test" finished-at="2022-07-31T03:56:07Z" duration-ms="29368">
      <class name="com.browserstack.run_second_test.SecondTest">
        <test-method is-config="true" signature="setUp()[pri:0, instance:com.browserstack.run_second_test.SecondTest@57a78e3]" started-at="2022-07-31T10:55:38Z" name="setUp" finished-at="2022-07-31T10:56:01Z" duration-ms="23050" status="PASS">
          <reporter-output>
          </reporter-output>
        </test-method> <!-- setUp -->
        <test-method signature="test()[pri:0, instance:com.browserstack.run_second_test.SecondTest@57a78e3]" started-at="2022-07-31T10:56:01Z" name="test" finished-at="2022-07-31T10:56:06Z" duration-ms="4920" status="PASS">
          <reporter-output>
          </reporter-output>
        </test-method> <!-- test -->
        <test-method is-config="true" signature="tearDown()[pri:0, instance:com.browserstack.run_second_test.SecondTest@57a78e3]" started-at="2022-07-31T10:56:06Z" name="tearDown" finished-at="2022-07-31T10:56:07Z" duration-ms="1385" status="PASS">
          <reporter-output>
          </reporter-output>
        </test-method> <!-- tearDown -->
      </class> <!-- com.browserstack.run_second_test.SecondTest -->
    </test> <!-- Default test -->
  </suite> <!-- Default suite -->
</testng-results>
